<?xml version="1.0" encoding="UTF-8"?><testsuite errors="0" failures="0" name="uk.gov.hmcts.futurehearings.hmi.integration.hearing.HearingAPI_WiremockTest" skipped="1" tests="2" time="9.34" timestamp="2020-09-08 01:57:26"><testcase classname="uk.gov.hmcts.futurehearings.hmi.integration.hearing.HearingAPI_WiremockTest" name="Should email on employee from mock"><skipped/></testcase><testcase classname="uk.gov.hmcts.futurehearings.hmi.integration.hearing.HearingAPI_WiremockTest" name="Should get time on employee from mock"/></testsuite>