<?xml version="1.0" encoding="UTF-8"?><testsuite errors="0" failures="0" name="uk.gov.hmcts.futurehearings.hmi.functional.hearing.HearingAPITest" skipped="2" tests="3" time="10.07" timestamp="2020-07-14 10:58:47"><testcase classname="uk.gov.hmcts.futurehearings.hmi.functional.hearing.HearingAPITest" name="Test pending post to hearing"><skipped/></testcase><testcase classname="uk.gov.hmcts.futurehearings.hmi.functional.hearing.HearingAPITest" name="Test successfull post to hearing"/><testcase classname="uk.gov.hmcts.futurehearings.hmi.functional.hearing.HearingAPITest" name="Test successfull get"><skipped/></testcase></testsuite>